<?xml version="1.0" encoding="UTF-8"?>
<!-- Generated by org.testng.reporters.JUnitReportReporter -->
<testsuite hostname="DESKTOP-CEL71GS" failures="0" tests="1" name="com.runner.TestRunner" time="47.572" errors="0" timestamp="2020-04-11T23:59:56 IST" skipped="0">
  <testcase classname="com.runner.TestRunner" name="feature" time="47.572"/>
</testsuite> <!-- com.runner.TestRunner -->
